<?xml version="1.0" encoding="UTF-8"?>
<!-- Generated by org.testng.reporters.JUnitReportReporter -->
<testsuite hostname="WDSC300000020" failures="0" tests="1" name="com.nopcommerce.users.Level_22_ConfigBrowser" time="3.733" errors="0" timestamp="2024-07-29T18:14:22 ICT" skipped="0">
  <testcase classname="com.nopcommerce.users.Level_22_ConfigBrowser" name="TC_01_Register" time="3.733"/>
  <system-out>
    <![CDATA[-----START delete file in folder----------
-----END delete file in folder----------]]>
  </system-out>
</testsuite> <!-- com.nopcommerce.users.Level_22_ConfigBrowser -->
